# JRE version: OpenJDK Runtime Environment (11.0.10) (build 11.0.10+0-b96-7249189)
# Java VM: OpenJDK 64-Bit Server VM (11.0.10+0-b96-7249189, mixed mode, tiered, compressed oops, g1 gc, windows-amd64)
Heap:
 garbage-first heap   total 231424K, used 132970K [0x0000000080000000, 0x0000000100000000)
  region size 1024K, 28 young (28672K), 13 survivors (13312K)
 Metaspace       used 94951K, capacity 97724K, committed 97920K, reserved 1134592K
  class space    used 12354K, capacity 13407K, committed 13516K, reserved 1048576K
GC Heap History (20 events):
Event: 17.875 GC heap before
{Heap before GC invocations=19 (full 0):
 garbage-first heap   total 229376K, used 183670K [0x0000000080000000, 0x0000000100000000)
  region size 1024K, 108 young (110592K), 5 survivors (5120K)
 Metaspace       used 91086K, capacity 93519K, committed 93824K, reserved 1130496K
  class space    used 11926K, capacity 12877K, committed 13004K, reserved 1048576K
}
Event: 17.878 GC heap after
{Heap after GC invocations=20 (full 0):
 garbage-first heap   total 229376K, used 76760K [0x0000000080000000, 0x0000000100000000)
  region size 1024K, 3 young (3072K), 3 survivors (3072K)
 Metaspace       used 91086K, capacity 93519K, committed 93824K, reserved 1130496K
  class space    used 11926K, capacity 12877K, committed 13004K, reserved 1048576K
}
Event: 18.555 GC heap before
{Heap before GC invocations=20 (full 0):
 garbage-first heap   total 229376K, used 185304K [0x0000000080000000, 0x0000000100000000)
  region size 1024K, 109 young (111616K), 3 survivors (3072K)
 Metaspace       used 91290K, capacity 93764K, committed 94080K, reserved 1130496K
  class space    used 11962K, capacity 12916K, committed 13004K, reserved 1048576K
}
Event: 18.563 GC heap after
{Heap after GC invocations=21 (full 0):
 garbage-first heap   total 229376K, used 84043K [0x0000000080000000, 0x0000000100000000)
  region size 1024K, 11 young (11264K), 11 survivors (11264K)
 Metaspace       used 91290K, capacity 93764K, committed 94080K, reserved 1130496K
  class space    used 11962K, capacity 12916K, committed 13004K, reserved 1048576K
}
Event: 19.011 GC heap before
{Heap before GC invocations=21 (full 0):
 garbage-first heap   total 229376K, used 186443K [0x0000000080000000, 0x0000000100000000)
  region size 1024K, 111 young (113664K), 11 survivors (11264K)
 Metaspace       used 91373K, capacity 93850K, committed 94080K, reserved 1130496K
  class space    used 11979K, capacity 12922K, committed 13004K, reserved 1048576K
}
Event: 19.016 GC heap after
{Heap after GC invocations=22 (full 0):
 garbage-first heap   total 229376K, used 80862K [0x0000000080000000, 0x0000000100000000)
  region size 1024K, 4 young (4096K), 4 survivors (4096K)
 Metaspace       used 91373K, capacity 93850K, committed 94080K, reserved 1130496K
  class space    used 11979K, capacity 12922K, committed 13004K, reserved 1048576K
}
Event: 19.631 GC heap before
{Heap before GC invocations=22 (full 0):
 garbage-first heap   total 229376K, used 187358K [0x0000000080000000, 0x0000000100000000)
  region size 1024K, 108 young (110592K), 4 survivors (4096K)
 Metaspace       used 91461K, capacity 93923K, committed 94080K, reserved 1130496K
  class space    used 11982K, capacity 12922K, committed 13004K, reserved 1048576K
}
Event: 19.637 GC heap after
{Heap after GC invocations=23 (full 0):
 garbage-first heap   total 229376K, used 84398K [0x0000000080000000, 0x0000000100000000)
  region size 1024K, 7 young (7168K), 7 survivors (7168K)
 Metaspace       used 91461K, capacity 93923K, committed 94080K, reserved 1130496K
  class space    used 11982K, capacity 12922K, committed 13004K, reserved 1048576K
}
Event: 20.115 GC heap before
{Heap before GC invocations=23 (full 0):
 garbage-first heap   total 229376K, used 187822K [0x0000000080000000, 0x0000000100000000)
  region size 1024K, 108 young (110592K), 7 survivors (7168K)
 Metaspace       used 91624K, capacity 94117K, committed 94336K, reserved 1130496K
  class space    used 11982K, capacity 12922K, committed 13004K, reserved 1048576K
}
Event: 20.119 GC heap after
{Heap after GC invocations=24 (full 0):
 garbage-first heap   total 229376K, used 82701K [0x0000000080000000, 0x0000000100000000)
  region size 1024K, 5 young (5120K), 5 survivors (5120K)
 Metaspace       used 91624K, capacity 94117K, committed 94336K, reserved 1130496K
  class space    used 11982K, capacity 12922K, committed 13004K, reserved 1048576K
}
Event: 20.614 GC heap before
{Heap before GC invocations=24 (full 0):
 garbage-first heap   total 229376K, used 189197K [0x0000000080000000, 0x0000000100000000)
  region size 1024K, 109 young (111616K), 5 survivors (5120K)
 Metaspace       used 91748K, capacity 94198K, committed 94336K, reserved 1130496K
  class space    used 11987K, capacity 12925K, committed 13004K, reserved 1048576K
}
Event: 20.618 GC heap after
{Heap after GC invocations=25 (full 0):
 garbage-first heap   total 229376K, used 81385K [0x0000000080000000, 0x0000000100000000)
  region size 1024K, 4 young (4096K), 4 survivors (4096K)
 Metaspace       used 91748K, capacity 94198K, committed 94336K, reserved 1130496K
  class space    used 11987K, capacity 12925K, committed 13004K, reserved 1048576K
}
Event: 21.122 GC heap before
{Heap before GC invocations=25 (full 0):
 garbage-first heap   total 229376K, used 189929K [0x0000000080000000, 0x0000000100000000)
  region size 1024K, 110 young (112640K), 4 survivors (4096K)
 Metaspace       used 91792K, capacity 94263K, committed 94592K, reserved 1130496K
  class space    used 11987K, capacity 12925K, committed 13004K, reserved 1048576K
}
Event: 21.130 GC heap after
{Heap after GC invocations=26 (full 0):
 garbage-first heap   total 229376K, used 87826K [0x0000000080000000, 0x0000000100000000)
  region size 1024K, 10 young (10240K), 10 survivors (10240K)
 Metaspace       used 91792K, capacity 94263K, committed 94592K, reserved 1130496K
  class space    used 11987K, capacity 12925K, committed 13004K, reserved 1048576K
}
Event: 21.391 GC heap before
{Heap before GC invocations=26 (full 0):
 garbage-first heap   total 229376K, used 190226K [0x0000000080000000, 0x0000000100000000)
  region size 1024K, 110 young (112640K), 10 survivors (10240K)
 Metaspace       used 91793K, capacity 94263K, committed 94592K, reserved 1130496K
  class space    used 11987K, capacity 12925K, committed 13004K, reserved 1048576K
}
Event: 21.403 GC heap after
{Heap after GC invocations=27 (full 0):
 garbage-first heap   total 229376K, used 94787K [0x0000000080000000, 0x0000000100000000)
  region size 1024K, 14 young (14336K), 14 survivors (14336K)
 Metaspace       used 91793K, capacity 94263K, committed 94592K, reserved 1130496K
  class space    used 11987K, capacity 12925K, committed 13004K, reserved 1048576K
}
Event: 22.391 GC heap before
{Heap before GC invocations=27 (full 0):
 garbage-first heap   total 229376K, used 186947K [0x0000000080000000, 0x0000000100000000)
  region size 1024K, 104 young (106496K), 14 survivors (14336K)
 Metaspace       used 91793K, capacity 94263K, committed 94592K, reserved 1130496K
  class space    used 11987K, capacity 12925K, committed 13004K, reserved 1048576K
}
Event: 22.400 GC heap after
{Heap after GC invocations=28 (full 0):
 garbage-first heap   total 229376K, used 90331K [0x0000000080000000, 0x0000000100000000)
  region size 1024K, 4 young (4096K), 4 survivors (4096K)
 Metaspace       used 91793K, capacity 94263K, committed 94592K, reserved 1130496K
  class space    used 11987K, capacity 12925K, committed 13004K, reserved 1048576K
}
Event: 24.590 GC heap before
{Heap before GC invocations=28 (full 0):
 garbage-first heap   total 229376K, used 199899K [0x0000000080000000, 0x0000000100000000)
  region size 1024K, 100 young (102400K), 4 survivors (4096K)
 Metaspace       used 94910K, capacity 97648K, committed 97920K, reserved 1134592K
  class space    used 12352K, capacity 13405K, committed 13516K, reserved 1048576K
}
Event: 24.616 GC heap after
{Heap after GC invocations=29 (full 0):
 garbage-first heap   total 231424K, used 119658K [0x0000000080000000, 0x0000000100000000)
  region size 1024K, 13 young (13312K), 13 survivors (13312K)
 Metaspace       used 94910K, capacity 97648K, committed 97920K, reserved 1134592K
  class space    used 12352K, capacity 13405K, committed 13516K, reserved 1048576K
}

