# JRE version: OpenJDK Runtime Environment (11.0.10) (build 11.0.10+0-b96-7249189)
# Java VM: OpenJDK 64-Bit Server VM (11.0.10+0-b96-7249189, mixed mode, tiered, compressed oops, g1 gc, windows-amd64)
Heap:
 garbage-first heap   total 229376K, used 97301K [0x0000000080000000, 0x0000000100000000)
  region size 1024K, 16 young (16384K), 3 survivors (3072K)
 Metaspace       used 98725K, capacity 101666K, committed 102520K, reserved 1136640K
  class space    used 13127K, capacity 14281K, committed 14540K, reserved 1048576K
GC Heap History (20 events):
Event: 8.930 GC heap before
{Heap before GC invocations=6 (full 0):
 garbage-first heap   total 229376K, used 52882K [0x0000000080000000, 0x0000000100000000)
  region size 1024K, 37 young (37888K), 3 survivors (3072K)
 Metaspace       used 35076K, capacity 35838K, committed 35840K, reserved 1081344K
  class space    used 4548K, capacity 4864K, committed 4864K, reserved 1048576K
}
Event: 8.945 GC heap after
{Heap after GC invocations=7 (full 0):
 garbage-first heap   total 229376K, used 21979K [0x0000000080000000, 0x0000000100000000)
  region size 1024K, 6 young (6144K), 6 survivors (6144K)
 Metaspace       used 35076K, capacity 35838K, committed 35840K, reserved 1081344K
  class space    used 4548K, capacity 4864K, committed 4864K, reserved 1048576K
}
Event: 11.475 GC heap before
{Heap before GC invocations=8 (full 0):
 garbage-first heap   total 229376K, used 116187K [0x0000000080000000, 0x0000000100000000)
  region size 1024K, 95 young (97280K), 6 survivors (6144K)
 Metaspace       used 42524K, capacity 43463K, committed 43724K, reserved 1087488K
  class space    used 5400K, capacity 5751K, committed 5836K, reserved 1048576K
}
Event: 11.489 GC heap after
{Heap after GC invocations=9 (full 0):
 garbage-first heap   total 229376K, used 27841K [0x0000000080000000, 0x0000000100000000)
  region size 1024K, 12 young (12288K), 12 survivors (12288K)
 Metaspace       used 42524K, capacity 43463K, committed 43724K, reserved 1087488K
  class space    used 5400K, capacity 5751K, committed 5836K, reserved 1048576K
}
Event: 14.414 GC heap before
{Heap before GC invocations=9 (full 0):
 garbage-first heap   total 229376K, used 129217K [0x0000000080000000, 0x0000000100000000)
  region size 1024K, 108 young (110592K), 12 survivors (12288K)
 Metaspace       used 48748K, capacity 50067K, committed 50380K, reserved 1093632K
  class space    used 6235K, capacity 6721K, committed 6860K, reserved 1048576K
}
Event: 14.435 GC heap after
{Heap after GC invocations=10 (full 0):
 garbage-first heap   total 229376K, used 40181K [0x0000000080000000, 0x0000000100000000)
  region size 1024K, 14 young (14336K), 14 survivors (14336K)
 Metaspace       used 48748K, capacity 50067K, committed 50380K, reserved 1093632K
  class space    used 6235K, capacity 6721K, committed 6860K, reserved 1048576K
}
Event: 16.473 GC heap before
{Heap before GC invocations=10 (full 0):
 garbage-first heap   total 229376K, used 104693K [0x0000000080000000, 0x0000000100000000)
  region size 1024K, 78 young (79872K), 14 survivors (14336K)
 Metaspace       used 58411K, capacity 59988K, committed 60236K, reserved 1101824K
  class space    used 7429K, capacity 7999K, committed 8012K, reserved 1048576K
}
Event: 16.505 GC heap after
{Heap after GC invocations=11 (full 0):
 garbage-first heap   total 229376K, used 43785K [0x0000000080000000, 0x0000000100000000)
  region size 1024K, 4 young (4096K), 4 survivors (4096K)
 Metaspace       used 58411K, capacity 59988K, committed 60236K, reserved 1101824K
  class space    used 7429K, capacity 7999K, committed 8012K, reserved 1048576K
}
Event: 18.873 GC heap before
{Heap before GC invocations=12 (full 0):
 garbage-first heap   total 229376K, used 137993K [0x0000000080000000, 0x0000000100000000)
  region size 1024K, 96 young (98304K), 4 survivors (4096K)
 Metaspace       used 66150K, capacity 67737K, committed 68044K, reserved 1107968K
  class space    used 8509K, capacity 9095K, committed 9164K, reserved 1048576K
}
Event: 18.888 GC heap after
{Heap after GC invocations=13 (full 0):
 garbage-first heap   total 229376K, used 50536K [0x0000000080000000, 0x0000000100000000)
  region size 1024K, 11 young (11264K), 11 survivors (11264K)
 Metaspace       used 66150K, capacity 67737K, committed 68044K, reserved 1107968K
  class space    used 8509K, capacity 9095K, committed 9164K, reserved 1048576K
}
Event: 22.209 GC heap before
{Heap before GC invocations=13 (full 0):
 garbage-first heap   total 229376K, used 146792K [0x0000000080000000, 0x0000000100000000)
  region size 1024K, 105 young (107520K), 11 survivors (11264K)
 Metaspace       used 76178K, capacity 77985K, committed 78284K, reserved 1116160K
  class space    used 9938K, capacity 10578K, committed 10700K, reserved 1048576K
}
Event: 22.229 GC heap after
{Heap after GC invocations=14 (full 0):
 garbage-first heap   total 229376K, used 56723K [0x0000000080000000, 0x0000000100000000)
  region size 1024K, 7 young (7168K), 7 survivors (7168K)
 Metaspace       used 76178K, capacity 77985K, committed 78284K, reserved 1116160K
  class space    used 9938K, capacity 10578K, committed 10700K, reserved 1048576K
}
Event: 25.133 GC heap before
{Heap before GC invocations=14 (full 0):
 garbage-first heap   total 229376K, used 163219K [0x0000000080000000, 0x0000000100000000)
  region size 1024K, 103 young (105472K), 7 survivors (7168K)
 Metaspace       used 83256K, capacity 85500K, committed 85708K, reserved 1124352K
  class space    used 10826K, capacity 11643K, committed 11724K, reserved 1048576K
}
Event: 25.152 GC heap after
{Heap after GC invocations=15 (full 0):
 garbage-first heap   total 229376K, used 60379K [0x0000000080000000, 0x0000000100000000)
  region size 1024K, 10 young (10240K), 10 survivors (10240K)
 Metaspace       used 83256K, capacity 85500K, committed 85708K, reserved 1124352K
  class space    used 10826K, capacity 11643K, committed 11724K, reserved 1048576K
}
Event: 28.223 GC heap before
{Heap before GC invocations=15 (full 0):
 garbage-first heap   total 229376K, used 161755K [0x0000000080000000, 0x0000000100000000)
  region size 1024K, 110 young (112640K), 10 survivors (10240K)
 Metaspace       used 88481K, capacity 90738K, committed 90956K, reserved 1128448K
  class space    used 11476K, capacity 12327K, committed 12364K, reserved 1048576K
}
Event: 28.245 GC heap after
{Heap after GC invocations=16 (full 0):
 garbage-first heap   total 229376K, used 69512K [0x0000000080000000, 0x0000000100000000)
  region size 1024K, 13 young (13312K), 13 survivors (13312K)
 Metaspace       used 88481K, capacity 90738K, committed 90956K, reserved 1128448K
  class space    used 11476K, capacity 12327K, committed 12364K, reserved 1048576K
}
Event: 29.944 GC heap before
{Heap before GC invocations=16 (full 0):
 garbage-first heap   total 229376K, used 166792K [0x0000000080000000, 0x0000000100000000)
  region size 1024K, 109 young (111616K), 13 survivors (13312K)
 Metaspace       used 96426K, capacity 99498K, committed 99660K, reserved 1134592K
  class space    used 12837K, capacity 14039K, committed 14156K, reserved 1048576K
}
Event: 29.982 GC heap after
{Heap after GC invocations=17 (full 0):
 garbage-first heap   total 229376K, used 82752K [0x0000000080000000, 0x0000000100000000)
  region size 1024K, 14 young (14336K), 14 survivors (14336K)
 Metaspace       used 96426K, capacity 99498K, committed 99660K, reserved 1134592K
  class space    used 12837K, capacity 14039K, committed 14156K, reserved 1048576K
}
Event: 30.205 GC heap before
{Heap before GC invocations=17 (full 0):
 garbage-first heap   total 229376K, used 90944K [0x0000000080000000, 0x0000000100000000)
  region size 1024K, 24 young (24576K), 14 survivors (14336K)
 Metaspace       used 97674K, capacity 100780K, committed 100940K, reserved 1136640K
  class space    used 13055K, capacity 14302K, committed 14412K, reserved 1048576K
}
Event: 30.243 GC heap after
{Heap after GC invocations=18 (full 0):
 garbage-first heap   total 229376K, used 85594K [0x0000000080000000, 0x0000000100000000)
  region size 1024K, 3 young (3072K), 3 survivors (3072K)
 Metaspace       used 97674K, capacity 100780K, committed 100940K, reserved 1136640K
  class space    used 13055K, capacity 14302K, committed 14412K, reserved 1048576K
}

