# JRE version: OpenJDK Runtime Environment (11.0.10) (build 11.0.10+0-b96-7249189)
# Java VM: OpenJDK 64-Bit Server VM (11.0.10+0-b96-7249189, mixed mode, tiered, compressed oops, g1 gc, windows-amd64)
Heap:
 garbage-first heap   total 330752K, used 117166K [0x0000000080000000, 0x0000000100000000)
  region size 1024K, 15 young (15360K), 11 survivors (11264K)
 Metaspace       used 114478K, capacity 117293K, committed 118144K, reserved 1150976K
  class space    used 14323K, capacity 15370K, committed 15744K, reserved 1048576K
GC Heap History (20 events):
Event: 81.608 GC heap before
{Heap before GC invocations=35 (full 0):
 garbage-first heap   total 275456K, used 116793K [0x0000000080000000, 0x0000000100000000)
  region size 1024K, 13 young (13312K), 5 survivors (5120K)
 Metaspace       used 114227K, capacity 117058K, committed 118144K, reserved 1150976K
  class space    used 14315K, capacity 15356K, committed 15744K, reserved 1048576K
}
Event: 81.615 GC heap after
{Heap after GC invocations=36 (full 0):
 garbage-first heap   total 275456K, used 103651K [0x0000000080000000, 0x0000000100000000)
  region size 1024K, 2 young (2048K), 2 survivors (2048K)
 Metaspace       used 114227K, capacity 117058K, committed 118144K, reserved 1150976K
  class space    used 14315K, capacity 15356K, committed 15744K, reserved 1048576K
}
Event: 82.066 GC heap before
{Heap before GC invocations=36 (full 0):
 garbage-first heap   total 275456K, used 218339K [0x0000000080000000, 0x0000000100000000)
  region size 1024K, 114 young (116736K), 2 survivors (2048K)
 Metaspace       used 114227K, capacity 117058K, committed 118144K, reserved 1150976K
  class space    used 14315K, capacity 15356K, committed 15744K, reserved 1048576K
}
Event: 82.071 GC heap after
{Heap after GC invocations=37 (full 0):
 garbage-first heap   total 275456K, used 105063K [0x0000000080000000, 0x0000000100000000)
  region size 1024K, 3 young (3072K), 3 survivors (3072K)
 Metaspace       used 114227K, capacity 117058K, committed 118144K, reserved 1150976K
  class space    used 14315K, capacity 15356K, committed 15744K, reserved 1048576K
}
Event: 82.458 GC heap before
{Heap before GC invocations=37 (full 0):
 garbage-first heap   total 275456K, used 221799K [0x0000000080000000, 0x0000000100000000)
  region size 1024K, 117 young (119808K), 3 survivors (3072K)
 Metaspace       used 114237K, capacity 117071K, committed 118144K, reserved 1150976K
  class space    used 14316K, capacity 15358K, committed 15744K, reserved 1048576K
}
Event: 82.464 GC heap after
{Heap after GC invocations=38 (full 0):
 garbage-first heap   total 275456K, used 105749K [0x0000000080000000, 0x0000000100000000)
  region size 1024K, 4 young (4096K), 4 survivors (4096K)
 Metaspace       used 114237K, capacity 117071K, committed 118144K, reserved 1150976K
  class space    used 14316K, capacity 15358K, committed 15744K, reserved 1048576K
}
Event: 82.923 GC heap before
{Heap before GC invocations=38 (full 0):
 garbage-first heap   total 275456K, used 224533K [0x0000000080000000, 0x0000000100000000)
  region size 1024K, 120 young (122880K), 4 survivors (4096K)
 Metaspace       used 114249K, capacity 117082K, committed 118144K, reserved 1150976K
  class space    used 14318K, capacity 15361K, committed 15744K, reserved 1048576K
}
Event: 82.929 GC heap after
{Heap after GC invocations=39 (full 0):
 garbage-first heap   total 275456K, used 107110K [0x0000000080000000, 0x0000000100000000)
  region size 1024K, 5 young (5120K), 5 survivors (5120K)
 Metaspace       used 114249K, capacity 117082K, committed 118144K, reserved 1150976K
  class space    used 14318K, capacity 15361K, committed 15744K, reserved 1048576K
}
Event: 83.457 GC heap before
{Heap before GC invocations=39 (full 0):
 garbage-first heap   total 275456K, used 226918K [0x0000000080000000, 0x0000000100000000)
  region size 1024K, 122 young (124928K), 5 survivors (5120K)
 Metaspace       used 114255K, capacity 117082K, committed 118144K, reserved 1150976K
  class space    used 14318K, capacity 15361K, committed 15744K, reserved 1048576K
}
Event: 83.464 GC heap after
{Heap after GC invocations=40 (full 0):
 garbage-first heap   total 275456K, used 109628K [0x0000000080000000, 0x0000000100000000)
  region size 1024K, 8 young (8192K), 8 survivors (8192K)
 Metaspace       used 114255K, capacity 117082K, committed 118144K, reserved 1150976K
  class space    used 14318K, capacity 15361K, committed 15744K, reserved 1048576K
}
Event: 83.857 GC heap before
{Heap before GC invocations=40 (full 0):
 garbage-first heap   total 275456K, used 229436K [0x0000000080000000, 0x0000000100000000)
  region size 1024K, 125 young (128000K), 8 survivors (8192K)
 Metaspace       used 114266K, capacity 117082K, committed 118144K, reserved 1150976K
  class space    used 14318K, capacity 15361K, committed 15744K, reserved 1048576K
}
Event: 83.864 GC heap after
{Heap after GC invocations=41 (full 0):
 garbage-first heap   total 275456K, used 110700K [0x0000000080000000, 0x0000000100000000)
  region size 1024K, 9 young (9216K), 9 survivors (9216K)
 Metaspace       used 114266K, capacity 117082K, committed 118144K, reserved 1150976K
  class space    used 14318K, capacity 15361K, committed 15744K, reserved 1048576K
}
Event: 84.371 GC heap before
{Heap before GC invocations=41 (full 0):
 garbage-first heap   total 275456K, used 232556K [0x0000000080000000, 0x0000000100000000)
  region size 1024K, 127 young (130048K), 9 survivors (9216K)
 Metaspace       used 114407K, capacity 117219K, committed 118144K, reserved 1150976K
  class space    used 14323K, capacity 15370K, committed 15744K, reserved 1048576K
}
Event: 84.380 GC heap after
{Heap after GC invocations=42 (full 0):
 garbage-first heap   total 275456K, used 111240K [0x0000000080000000, 0x0000000100000000)
  region size 1024K, 9 young (9216K), 9 survivors (9216K)
 Metaspace       used 114407K, capacity 117219K, committed 118144K, reserved 1150976K
  class space    used 14323K, capacity 15370K, committed 15744K, reserved 1048576K
}
Event: 85.058 GC heap before
{Heap before GC invocations=42 (full 0):
 garbage-first heap   total 275456K, used 233096K [0x0000000080000000, 0x0000000100000000)
  region size 1024K, 128 young (131072K), 9 survivors (9216K)
 Metaspace       used 114418K, capacity 117284K, committed 118144K, reserved 1150976K
  class space    used 14323K, capacity 15370K, committed 15744K, reserved 1048576K
}
Event: 85.067 GC heap after
{Heap after GC invocations=43 (full 0):
 garbage-first heap   total 275456K, used 112494K [0x0000000080000000, 0x0000000100000000)
  region size 1024K, 10 young (10240K), 10 survivors (10240K)
 Metaspace       used 114418K, capacity 117284K, committed 118144K, reserved 1150976K
  class space    used 14323K, capacity 15370K, committed 15744K, reserved 1048576K
}
Event: 85.932 GC heap before
{Heap before GC invocations=43 (full 0):
 garbage-first heap   total 275456K, used 234350K [0x0000000080000000, 0x0000000100000000)
  region size 1024K, 129 young (132096K), 10 survivors (10240K)
 Metaspace       used 114419K, capacity 117284K, committed 118144K, reserved 1150976K
  class space    used 14323K, capacity 15370K, committed 15744K, reserved 1048576K
}
Event: 85.942 GC heap after
{Heap after GC invocations=44 (full 0):
 garbage-first heap   total 330752K, used 113580K [0x0000000080000000, 0x0000000100000000)
  region size 1024K, 11 young (11264K), 11 survivors (11264K)
 Metaspace       used 114419K, capacity 117284K, committed 118144K, reserved 1150976K
  class space    used 14323K, capacity 15370K, committed 15744K, reserved 1048576K
}
Event: 88.216 GC heap before
{Heap before GC invocations=44 (full 0):
 garbage-first heap   total 330752K, used 266156K [0x0000000080000000, 0x0000000100000000)
  region size 1024K, 159 young (162816K), 11 survivors (11264K)
 Metaspace       used 114478K, capacity 117293K, committed 118144K, reserved 1150976K
  class space    used 14323K, capacity 15370K, committed 15744K, reserved 1048576K
}
Event: 88.225 GC heap after
{Heap after GC invocations=45 (full 0):
 garbage-first heap   total 330752K, used 114094K [0x0000000080000000, 0x0000000100000000)
  region size 1024K, 11 young (11264K), 11 survivors (11264K)
 Metaspace       used 114478K, capacity 117293K, committed 118144K, reserved 1150976K
  class space    used 14323K, capacity 15370K, committed 15744K, reserved 1048576K
}

