# JRE version: OpenJDK Runtime Environment (11.0.10) (build 11.0.10+0-b96-7249189)
# Java VM: OpenJDK 64-Bit Server VM (11.0.10+0-b96-7249189, mixed mode, tiered, compressed oops, g1 gc, windows-amd64)
Heap:
 garbage-first heap   total 229376K, used 102560K [0x0000000080000000, 0x0000000100000000)
  region size 1024K, 3 young (3072K), 2 survivors (2048K)
 Metaspace       used 102809K, capacity 105481K, committed 105856K, reserved 1146880K
  class space    used 13290K, capacity 14298K, committed 14464K, reserved 1048576K
GC Heap History (20 events):
Event: 53.210 GC heap before
{Heap before GC invocations=20 (full 0):
 garbage-first heap   total 229376K, used 185430K [0x0000000080000000, 0x0000000100000000)
  region size 1024K, 111 young (113664K), 4 survivors (4096K)
 Metaspace       used 96314K, capacity 98864K, committed 99072K, reserved 1134592K
  class space    used 12566K, capacity 13487K, committed 13568K, reserved 1048576K
}
Event: 53.220 GC heap after
{Heap after GC invocations=21 (full 0):
 garbage-first heap   total 229376K, used 77367K [0x0000000080000000, 0x0000000100000000)
  region size 1024K, 6 young (6144K), 6 survivors (6144K)
 Metaspace       used 96314K, capacity 98864K, committed 99072K, reserved 1134592K
  class space    used 12566K, capacity 13487K, committed 13568K, reserved 1048576K
}
Event: 55.827 GC heap before
{Heap before GC invocations=21 (full 0):
 garbage-first heap   total 229376K, used 106039K [0x0000000080000000, 0x0000000100000000)
  region size 1024K, 34 young (34816K), 6 survivors (6144K)
 Metaspace       used 97906K, capacity 100494K, committed 100608K, reserved 1136640K
  class space    used 12755K, capacity 13731K, committed 13824K, reserved 1048576K
}
Event: 55.843 GC heap after
{Heap after GC invocations=22 (full 0):
 garbage-first heap   total 229376K, used 80722K [0x0000000080000000, 0x0000000100000000)
  region size 1024K, 8 young (8192K), 8 survivors (8192K)
 Metaspace       used 97906K, capacity 100494K, committed 100608K, reserved 1136640K
  class space    used 12755K, capacity 13731K, committed 13824K, reserved 1048576K
}
Event: 57.408 GC heap before
{Heap before GC invocations=23 (full 0):
 garbage-first heap   total 229376K, used 182098K [0x0000000080000000, 0x0000000100000000)
  region size 1024K, 108 young (110592K), 8 survivors (8192K)
 Metaspace       used 97756K, capacity 100240K, committed 100864K, reserved 1136640K
  class space    used 12701K, capacity 13597K, committed 13824K, reserved 1048576K
}
Event: 57.421 GC heap after
{Heap after GC invocations=24 (full 0):
 garbage-first heap   total 229376K, used 76614K [0x0000000080000000, 0x0000000100000000)
  region size 1024K, 5 young (5120K), 5 survivors (5120K)
 Metaspace       used 97756K, capacity 100240K, committed 100864K, reserved 1136640K
  class space    used 12701K, capacity 13597K, committed 13824K, reserved 1048576K
}
Event: 58.305 GC heap before
{Heap before GC invocations=24 (full 0):
 garbage-first heap   total 229376K, used 183110K [0x0000000080000000, 0x0000000100000000)
  region size 1024K, 110 young (112640K), 5 survivors (5120K)
 Metaspace       used 97883K, capacity 100355K, committed 100864K, reserved 1136640K
  class space    used 12706K, capacity 13605K, committed 13824K, reserved 1048576K
}
Event: 58.315 GC heap after
{Heap after GC invocations=25 (full 0):
 garbage-first heap   total 229376K, used 76048K [0x0000000080000000, 0x0000000100000000)
  region size 1024K, 4 young (4096K), 4 survivors (4096K)
 Metaspace       used 97883K, capacity 100355K, committed 100864K, reserved 1136640K
  class space    used 12706K, capacity 13605K, committed 13824K, reserved 1048576K
}
Event: 60.339 GC heap before
{Heap before GC invocations=25 (full 0):
 garbage-first heap   total 229376K, used 186640K [0x0000000080000000, 0x0000000100000000)
  region size 1024K, 112 young (114688K), 4 survivors (4096K)
 Metaspace       used 97958K, capacity 100431K, committed 100864K, reserved 1136640K
  class space    used 12706K, capacity 13605K, committed 13824K, reserved 1048576K
}
Event: 60.350 GC heap after
{Heap after GC invocations=26 (full 0):
 garbage-first heap   total 229376K, used 78022K [0x0000000080000000, 0x0000000100000000)
  region size 1024K, 6 young (6144K), 6 survivors (6144K)
 Metaspace       used 97958K, capacity 100431K, committed 100864K, reserved 1136640K
  class space    used 12706K, capacity 13605K, committed 13824K, reserved 1048576K
}
Event: 62.906 GC heap before
{Heap before GC invocations=26 (full 0):
 garbage-first heap   total 229376K, used 187590K [0x0000000080000000, 0x0000000100000000)
  region size 1024K, 113 young (115712K), 6 survivors (6144K)
 Metaspace       used 97992K, capacity 100471K, committed 100864K, reserved 1136640K
  class space    used 12708K, capacity 13639K, committed 13824K, reserved 1048576K
}
Event: 62.918 GC heap after
{Heap after GC invocations=27 (full 0):
 garbage-first heap   total 229376K, used 78034K [0x0000000080000000, 0x0000000100000000)
  region size 1024K, 6 young (6144K), 6 survivors (6144K)
 Metaspace       used 97992K, capacity 100471K, committed 100864K, reserved 1136640K
  class space    used 12708K, capacity 13639K, committed 13824K, reserved 1048576K
}
Event: 65.914 GC heap before
{Heap before GC invocations=27 (full 0):
 garbage-first heap   total 229376K, used 188626K [0x0000000080000000, 0x0000000100000000)
  region size 1024K, 114 young (116736K), 6 survivors (6144K)
 Metaspace       used 98019K, capacity 100494K, committed 100864K, reserved 1136640K
  class space    used 12712K, capacity 13646K, committed 13824K, reserved 1048576K
}
Event: 65.930 GC heap after
{Heap after GC invocations=28 (full 0):
 garbage-first heap   total 229376K, used 76685K [0x0000000080000000, 0x0000000100000000)
  region size 1024K, 5 young (5120K), 5 survivors (5120K)
 Metaspace       used 98019K, capacity 100494K, committed 100864K, reserved 1136640K
  class space    used 12712K, capacity 13646K, committed 13824K, reserved 1048576K
}
Event: 67.263 GC heap before
{Heap before GC invocations=28 (full 0):
 garbage-first heap   total 229376K, used 189325K [0x0000000080000000, 0x0000000100000000)
  region size 1024K, 115 young (117760K), 5 survivors (5120K)
 Metaspace       used 98029K, capacity 100494K, committed 100864K, reserved 1136640K
  class space    used 12712K, capacity 13646K, committed 13824K, reserved 1048576K
}
Event: 67.271 GC heap after
{Heap after GC invocations=29 (full 0):
 garbage-first heap   total 229376K, used 77404K [0x0000000080000000, 0x0000000100000000)
  region size 1024K, 6 young (6144K), 6 survivors (6144K)
 Metaspace       used 98029K, capacity 100494K, committed 100864K, reserved 1136640K
  class space    used 12712K, capacity 13646K, committed 13824K, reserved 1048576K
}
Event: 69.814 GC heap before
{Heap before GC invocations=29 (full 0):
 garbage-first heap   total 229376K, used 196188K [0x0000000080000000, 0x0000000100000000)
  region size 1024K, 117 young (119808K), 6 survivors (6144K)
 Metaspace       used 99681K, capacity 102355K, committed 102656K, reserved 1138688K
  class space    used 12908K, capacity 13903K, committed 14080K, reserved 1048576K
}
Event: 69.837 GC heap after
{Heap after GC invocations=30 (full 0):
 garbage-first heap   total 229376K, used 90053K [0x0000000080000000, 0x0000000100000000)
  region size 1024K, 14 young (14336K), 14 survivors (14336K)
 Metaspace       used 99681K, capacity 102355K, committed 102656K, reserved 1138688K
  class space    used 12908K, capacity 13903K, committed 14080K, reserved 1048576K
}
Event: 71.681 GC heap before
{Heap before GC invocations=30 (full 0):
 garbage-first heap   total 229376K, used 189381K [0x0000000080000000, 0x0000000100000000)
  region size 1024K, 108 young (110592K), 14 survivors (14336K)
 Metaspace       used 102070K, capacity 104711K, committed 104960K, reserved 1140736K
  class space    used 13181K, capacity 14170K, committed 14336K, reserved 1048576K
}
Event: 71.733 GC heap after
{Heap after GC invocations=31 (full 0):
 garbage-first heap   total 229376K, used 108094K [0x0000000080000000, 0x0000000100000000)
  region size 1024K, 14 young (14336K), 14 survivors (14336K)
 Metaspace       used 102070K, capacity 104711K, committed 104960K, reserved 1140736K
  class space    used 13181K, capacity 14170K, committed 14336K, reserved 1048576K
}

