# JRE version: OpenJDK Runtime Environment (11.0.10) (build 11.0.10+0-b96-7249189)
# Java VM: OpenJDK 64-Bit Server VM (11.0.10+0-b96-7249189, mixed mode, tiered, compressed oops, g1 gc, windows-amd64)
Heap:
 garbage-first heap   total 229376K, used 129848K [0x0000000080000000, 0x0000000100000000)
  region size 1024K, 88 young (90112K), 3 survivors (3072K)
 Metaspace       used 64965K, capacity 66519K, committed 66816K, reserved 1107968K
  class space    used 8275K, capacity 8842K, committed 8960K, reserved 1048576K
GC Heap History (14 events):
Event: 2.025 GC heap before
{Heap before GC invocations=0 (full 0):
 garbage-first heap   total 229376K, used 29696K [0x0000000080000000, 0x0000000100000000)
  region size 1024K, 24 young (24576K), 0 survivors (0K)
 Metaspace       used 10207K, capacity 10429K, committed 10624K, reserved 1058816K
  class space    used 1064K, capacity 1139K, committed 1152K, reserved 1048576K
}
Event: 2.032 GC heap after
{Heap after GC invocations=1 (full 0):
 garbage-first heap   total 229376K, used 9152K [0x0000000080000000, 0x0000000100000000)
  region size 1024K, 3 young (3072K), 3 survivors (3072K)
 Metaspace       used 10207K, capacity 10429K, committed 10624K, reserved 1058816K
  class space    used 1064K, capacity 1139K, committed 1152K, reserved 1048576K
}
Event: 6.547 GC heap before
{Heap before GC invocations=1 (full 0):
 garbage-first heap   total 229376K, used 104384K [0x0000000080000000, 0x0000000100000000)
  region size 1024K, 97 young (99328K), 3 survivors (3072K)
 Metaspace       used 20554K, capacity 21096K, committed 21248K, reserved 1067008K
  class space    used 2507K, capacity 2690K, committed 2816K, reserved 1048576K
}
Event: 6.563 GC heap after
{Heap after GC invocations=2 (full 0):
 garbage-first heap   total 229376K, used 16645K [0x0000000080000000, 0x0000000100000000)
  region size 1024K, 11 young (11264K), 11 survivors (11264K)
 Metaspace       used 20554K, capacity 21096K, committed 21248K, reserved 1067008K
  class space    used 2507K, capacity 2690K, committed 2816K, reserved 1048576K
}
Event: 7.674 GC heap before
{Heap before GC invocations=3 (full 0):
 garbage-first heap   total 229376K, used 51461K [0x0000000080000000, 0x0000000100000000)
  region size 1024K, 46 young (47104K), 11 survivors (11264K)
 Metaspace       used 24013K, capacity 24670K, committed 24832K, reserved 1071104K
  class space    used 3075K, capacity 3289K, committed 3328K, reserved 1048576K
}
Event: 7.685 GC heap after
{Heap after GC invocations=4 (full 0):
 garbage-first heap   total 229376K, used 17926K [0x0000000080000000, 0x0000000100000000)
  region size 1024K, 2 young (2048K), 2 survivors (2048K)
 Metaspace       used 24013K, capacity 24670K, committed 24832K, reserved 1071104K
  class space    used 3075K, capacity 3289K, committed 3328K, reserved 1048576K
}
Event: 11.300 GC heap before
{Heap before GC invocations=4 (full 0):
 garbage-first heap   total 229376K, used 94726K [0x0000000080000000, 0x0000000100000000)
  region size 1024K, 78 young (79872K), 2 survivors (2048K)
 Metaspace       used 35076K, capacity 35830K, committed 35840K, reserved 1081344K
  class space    used 4544K, capacity 4864K, committed 4864K, reserved 1048576K
}
Event: 11.320 GC heap after
{Heap after GC invocations=5 (full 0):
 garbage-first heap   total 229376K, used 21926K [0x0000000080000000, 0x0000000100000000)
  region size 1024K, 6 young (6144K), 6 survivors (6144K)
 Metaspace       used 35076K, capacity 35830K, committed 35840K, reserved 1081344K
  class space    used 4544K, capacity 4864K, committed 4864K, reserved 1048576K
}
Event: 17.490 GC heap before
{Heap before GC invocations=6 (full 0):
 garbage-first heap   total 229376K, used 136614K [0x0000000080000000, 0x0000000100000000)
  region size 1024K, 115 young (117760K), 6 survivors (6144K)
 Metaspace       used 44112K, capacity 45226K, committed 45312K, reserved 1089536K
  class space    used 5660K, capacity 6067K, committed 6144K, reserved 1048576K
}
Event: 17.508 GC heap after
{Heap after GC invocations=7 (full 0):
 garbage-first heap   total 229376K, used 28317K [0x0000000080000000, 0x0000000100000000)
  region size 1024K, 12 young (12288K), 12 survivors (12288K)
 Metaspace       used 44112K, capacity 45226K, committed 45312K, reserved 1089536K
  class space    used 5660K, capacity 6067K, committed 6144K, reserved 1048576K
}
Event: 23.002 GC heap before
{Heap before GC invocations=7 (full 0):
 garbage-first heap   total 229376K, used 155293K [0x0000000080000000, 0x0000000100000000)
  region size 1024K, 132 young (135168K), 12 survivors (12288K)
 Metaspace       used 55965K, capacity 57335K, committed 57600K, reserved 1099776K
  class space    used 7073K, capacity 7562K, committed 7680K, reserved 1048576K
}
Event: 23.024 GC heap after
{Heap after GC invocations=8 (full 0):
 garbage-first heap   total 229376K, used 41781K [0x0000000080000000, 0x0000000100000000)
  region size 1024K, 16 young (16384K), 16 survivors (16384K)
 Metaspace       used 55965K, capacity 57335K, committed 57600K, reserved 1099776K
  class space    used 7073K, capacity 7562K, committed 7680K, reserved 1048576K
}
Event: 23.514 GC heap before
{Heap before GC invocations=8 (full 0):
 garbage-first heap   total 229376K, used 58165K [0x0000000080000000, 0x0000000100000000)
  region size 1024K, 33 young (33792K), 16 survivors (16384K)
 Metaspace       used 58547K, capacity 60045K, committed 60160K, reserved 1101824K
  class space    used 7422K, capacity 7977K, committed 8064K, reserved 1048576K
}
Event: 23.537 GC heap after
{Heap after GC invocations=9 (full 0):
 garbage-first heap   total 229376K, used 43832K [0x0000000080000000, 0x0000000100000000)
  region size 1024K, 3 young (3072K), 3 survivors (3072K)
 Metaspace       used 58547K, capacity 60045K, committed 60160K, reserved 1101824K
  class space    used 7422K, capacity 7977K, committed 8064K, reserved 1048576K
}

