# JRE version: OpenJDK Runtime Environment (11.0.10) (build 11.0.10+0-b96-7249189)
# Java VM: OpenJDK 64-Bit Server VM (11.0.10+0-b96-7249189, mixed mode, tiered, compressed oops, g1 gc, windows-amd64)
Heap:
 garbage-first heap   total 282624K, used 107781K [0x0000000080000000, 0x0000000100000000)
  region size 1024K, 11 young (11264K), 5 survivors (5120K)
 Metaspace       used 113719K, capacity 116846K, committed 117120K, reserved 1150976K
  class space    used 14496K, capacity 15687K, committed 15820K, reserved 1048576K
GC Heap History (20 events):
Event: 22.419 GC heap before
{Heap before GC invocations=33 (full 0):
 garbage-first heap   total 282624K, used 138529K [0x0000000080000000, 0x0000000100000000)
  region size 1024K, 14 young (14336K), 1 survivors (1024K)
 Metaspace       used 110293K, capacity 113230K, committed 114048K, reserved 1148928K
  class space    used 14183K, capacity 15260K, committed 15564K, reserved 1048576K
}
Event: 22.422 GC heap after
{Heap after GC invocations=34 (full 0):
 garbage-first heap   total 282624K, used 130548K [0x0000000080000000, 0x0000000100000000)
  region size 1024K, 4 young (4096K), 4 survivors (4096K)
 Metaspace       used 110293K, capacity 113230K, committed 114048K, reserved 1148928K
  class space    used 14183K, capacity 15260K, committed 15564K, reserved 1048576K
}
Event: 28.043 GC heap before
{Heap before GC invocations=35 (full 0):
 garbage-first heap   total 282624K, used 234996K [0x0000000080000000, 0x0000000100000000)
  region size 1024K, 93 young (95232K), 4 survivors (4096K)
 Metaspace       used 112848K, capacity 115904K, committed 116352K, reserved 1150976K
  class space    used 14477K, capacity 15659K, committed 15820K, reserved 1048576K
}
Event: 28.048 GC heap after
{Heap after GC invocations=36 (full 0):
 garbage-first heap   total 282624K, used 127356K [0x0000000080000000, 0x0000000100000000)
  region size 1024K, 4 young (4096K), 4 survivors (4096K)
 Metaspace       used 112848K, capacity 115904K, committed 116352K, reserved 1150976K
  class space    used 14477K, capacity 15659K, committed 15820K, reserved 1048576K
}
Event: 28.233 GC heap before
{Heap before GC invocations=36 (full 0):
 garbage-first heap   total 282624K, used 135548K [0x0000000080000000, 0x0000000100000000)
  region size 1024K, 13 young (13312K), 4 survivors (4096K)
 Metaspace       used 113060K, capacity 116176K, committed 116608K, reserved 1150976K
  class space    used 14488K, capacity 15673K, committed 15820K, reserved 1048576K
}
Event: 28.239 GC heap after
{Heap after GC invocations=37 (full 0):
 garbage-first heap   total 282624K, used 122141K [0x0000000080000000, 0x0000000100000000)
  region size 1024K, 2 young (2048K), 2 survivors (2048K)
 Metaspace       used 113060K, capacity 116176K, committed 116608K, reserved 1150976K
  class space    used 14488K, capacity 15673K, committed 15820K, reserved 1048576K
}
Event: 29.245 GC heap before
{Heap before GC invocations=37 (full 0):
 garbage-first heap   total 282624K, used 223517K [0x0000000080000000, 0x0000000100000000)
  region size 1024K, 102 young (104448K), 2 survivors (2048K)
 Metaspace       used 113465K, capacity 116608K, committed 116864K, reserved 1150976K
  class space    used 14492K, capacity 15681K, committed 15820K, reserved 1048576K
}
Event: 29.257 GC heap after
{Heap after GC invocations=38 (full 0):
 garbage-first heap   total 282624K, used 134700K [0x0000000080000000, 0x0000000100000000)
  region size 1024K, 13 young (13312K), 13 survivors (13312K)
 Metaspace       used 113465K, capacity 116608K, committed 116864K, reserved 1150976K
  class space    used 14492K, capacity 15681K, committed 15820K, reserved 1048576K
}
Event: 29.800 GC heap before
{Heap before GC invocations=38 (full 0):
 garbage-first heap   total 282624K, used 223788K [0x0000000080000000, 0x0000000100000000)
  region size 1024K, 100 young (102400K), 13 survivors (13312K)
 Metaspace       used 113470K, capacity 116612K, committed 116864K, reserved 1150976K
  class space    used 14492K, capacity 15681K, committed 15820K, reserved 1048576K
}
Event: 29.808 GC heap after
{Heap after GC invocations=39 (full 0):
 garbage-first heap   total 282624K, used 134913K [0x0000000080000000, 0x0000000100000000)
  region size 1024K, 3 young (3072K), 3 survivors (3072K)
 Metaspace       used 113470K, capacity 116612K, committed 116864K, reserved 1150976K
  class space    used 14492K, capacity 15681K, committed 15820K, reserved 1048576K
}
Event: 30.319 GC heap before
{Heap before GC invocations=39 (full 0):
 garbage-first heap   total 282624K, used 226049K [0x0000000080000000, 0x0000000100000000)
  region size 1024K, 92 young (94208K), 3 survivors (3072K)
 Metaspace       used 113470K, capacity 116612K, committed 116864K, reserved 1150976K
  class space    used 14492K, capacity 15681K, committed 15820K, reserved 1048576K
}
Event: 30.324 GC heap after
{Heap after GC invocations=40 (full 0):
 garbage-first heap   total 282624K, used 135586K [0x0000000080000000, 0x0000000100000000)
  region size 1024K, 4 young (4096K), 4 survivors (4096K)
 Metaspace       used 113470K, capacity 116612K, committed 116864K, reserved 1150976K
  class space    used 14492K, capacity 15681K, committed 15820K, reserved 1048576K
}
Event: 30.840 GC heap before
{Heap before GC invocations=41 (full 0):
 garbage-first heap   total 282624K, used 201122K [0x0000000080000000, 0x0000000100000000)
  region size 1024K, 94 young (96256K), 4 survivors (4096K)
 Metaspace       used 113557K, capacity 116676K, committed 116864K, reserved 1150976K
  class space    used 14493K, capacity 15681K, committed 15820K, reserved 1048576K
}
Event: 30.846 GC heap after
{Heap after GC invocations=42 (full 0):
 garbage-first heap   total 282624K, used 112045K [0x0000000080000000, 0x0000000100000000)
  region size 1024K, 6 young (6144K), 6 survivors (6144K)
 Metaspace       used 113557K, capacity 116676K, committed 116864K, reserved 1150976K
  class space    used 14493K, capacity 15681K, committed 15820K, reserved 1048576K
}
Event: 30.884 GC heap before
{Heap before GC invocations=42 (full 0):
 garbage-first heap   total 282624K, used 120237K [0x0000000080000000, 0x0000000100000000)
  region size 1024K, 13 young (13312K), 6 survivors (6144K)
 Metaspace       used 113565K, capacity 116741K, committed 117120K, reserved 1150976K
  class space    used 14493K, capacity 15681K, committed 15820K, reserved 1048576K
}
Event: 30.889 GC heap after
{Heap after GC invocations=43 (full 0):
 garbage-first heap   total 282624K, used 98519K [0x0000000080000000, 0x0000000100000000)
  region size 1024K, 1 young (1024K), 1 survivors (1024K)
 Metaspace       used 113565K, capacity 116741K, committed 117120K, reserved 1150976K
  class space    used 14493K, capacity 15681K, committed 15820K, reserved 1048576K
}
Event: 31.303 GC heap before
{Heap before GC invocations=43 (full 0):
 garbage-first heap   total 282624K, used 211159K [0x0000000080000000, 0x0000000100000000)
  region size 1024K, 112 young (114688K), 1 survivors (1024K)
 Metaspace       used 113687K, capacity 116846K, committed 117120K, reserved 1150976K
  class space    used 14496K, capacity 15687K, committed 15820K, reserved 1048576K
}
Event: 31.311 GC heap after
{Heap after GC invocations=44 (full 0):
 garbage-first heap   total 282624K, used 103302K [0x0000000080000000, 0x0000000100000000)
  region size 1024K, 6 young (6144K), 6 survivors (6144K)
 Metaspace       used 113687K, capacity 116846K, committed 117120K, reserved 1150976K
  class space    used 14496K, capacity 15687K, committed 15820K, reserved 1048576K
}
Event: 31.994 GC heap before
{Heap before GC invocations=44 (full 0):
 garbage-first heap   total 282624K, used 216966K [0x0000000080000000, 0x0000000100000000)
  region size 1024K, 117 young (119808K), 6 survivors (6144K)
 Metaspace       used 113704K, capacity 116846K, committed 117120K, reserved 1150976K
  class space    used 14496K, capacity 15687K, committed 15820K, reserved 1048576K
}
Event: 32.004 GC heap after
{Heap after GC invocations=45 (full 0):
 garbage-first heap   total 282624K, used 105714K [0x0000000080000000, 0x0000000100000000)
  region size 1024K, 8 young (8192K), 8 survivors (8192K)
 Metaspace       used 113704K, capacity 116846K, committed 117120K, reserved 1150976K
  class space    used 14496K, capacity 15687K, committed 15820K, reserved 1048576K
}

