# JRE version: OpenJDK Runtime Environment (11.0.10) (build 11.0.10+0-b96-7249189)
# Java VM: OpenJDK 64-Bit Server VM (11.0.10+0-b96-7249189, mixed mode, tiered, compressed oops, g1 gc, windows-amd64)
Heap:
 garbage-first heap   total 397312K, used 263645K [0x0000000080000000, 0x0000000100000000)
  region size 1024K, 141 young (144384K), 5 survivors (5120K)
 Metaspace       used 147684K, capacity 152542K, committed 156236K, reserved 1185792K
  class space    used 18205K, capacity 19941K, committed 20556K, reserved 1048576K
GC Heap History (20 events):
Event: 3340.199 GC heap before
{Heap before GC invocations=136 (full 0):
 garbage-first heap   total 397312K, used 191139K [0x0000000080000000, 0x0000000100000000)
  region size 1024K, 15 young (15360K), 2 survivors (2048K)
 Metaspace       used 150140K, capacity 155490K, committed 155724K, reserved 1183744K
  class space    used 18617K, capacity 20503K, committed 20556K, reserved 1048576K
}
Event: 3340.208 GC heap after
{Heap after GC invocations=137 (full 0):
 garbage-first heap   total 397312K, used 179918K [0x0000000080000000, 0x0000000100000000)
  region size 1024K, 3 young (3072K), 3 survivors (3072K)
 Metaspace       used 150140K, capacity 155490K, committed 155724K, reserved 1183744K
  class space    used 18617K, capacity 20503K, committed 20556K, reserved 1048576K
}
Event: 3952.276 GC heap before
{Heap before GC invocations=138 (full 0):
 garbage-first heap   total 397312K, used 330446K [0x0000000080000000, 0x0000000100000000)
  region size 1024K, 133 young (136192K), 3 survivors (3072K)
 Metaspace       used 150313K, capacity 155768K, committed 155980K, reserved 1185792K
  class space    used 18628K, capacity 20522K, committed 20556K, reserved 1048576K
}
Event: 3952.283 GC heap after
{Heap after GC invocations=139 (full 0):
 garbage-first heap   total 397312K, used 173943K [0x0000000080000000, 0x0000000100000000)
  region size 1024K, 7 young (7168K), 7 survivors (7168K)
 Metaspace       used 150313K, capacity 155768K, committed 155980K, reserved 1185792K
  class space    used 18628K, capacity 20522K, committed 20556K, reserved 1048576K
}
Event: 3952.333 GC heap before
{Heap before GC invocations=139 (full 0):
 garbage-first heap   total 397312K, used 185207K [0x0000000080000000, 0x0000000100000000)
  region size 1024K, 19 young (19456K), 7 survivors (7168K)
 Metaspace       used 150321K, capacity 155780K, committed 155980K, reserved 1185792K
  class space    used 18629K, capacity 20524K, committed 20556K, reserved 1048576K
}
Event: 3952.340 GC heap after
{Heap after GC invocations=140 (full 0):
 garbage-first heap   total 397312K, used 171769K [0x0000000080000000, 0x0000000100000000)
  region size 1024K, 1 young (1024K), 1 survivors (1024K)
 Metaspace       used 150321K, capacity 155780K, committed 155980K, reserved 1185792K
  class space    used 18629K, capacity 20524K, committed 20556K, reserved 1048576K
}
Event: 3952.342 GC heap before
{Heap before GC invocations=140 (full 0):
 garbage-first heap   total 397312K, used 171769K [0x0000000080000000, 0x0000000100000000)
  region size 1024K, 3 young (3072K), 1 survivors (1024K)
 Metaspace       used 150321K, capacity 155780K, committed 155980K, reserved 1185792K
  class space    used 18629K, capacity 20524K, committed 20556K, reserved 1048576K
}
Event: 3952.347 GC heap after
{Heap after GC invocations=141 (full 0):
 garbage-first heap   total 397312K, used 171197K [0x0000000080000000, 0x0000000100000000)
  region size 1024K, 1 young (1024K), 1 survivors (1024K)
 Metaspace       used 150321K, capacity 155780K, committed 155980K, reserved 1185792K
  class space    used 18629K, capacity 20524K, committed 20556K, reserved 1048576K
}
Event: 4258.904 GC heap before
{Heap before GC invocations=142 (full 0):
 garbage-first heap   total 397312K, used 299197K [0x0000000080000000, 0x0000000100000000)
  region size 1024K, 142 young (145408K), 1 survivors (1024K)
 Metaspace       used 150481K, capacity 155902K, committed 155980K, reserved 1185792K
  class space    used 18634K, capacity 20533K, committed 20556K, reserved 1048576K
}
Event: 4258.912 GC heap after
{Heap after GC invocations=143 (full 0):
 garbage-first heap   total 397312K, used 146329K [0x0000000080000000, 0x0000000100000000)
  region size 1024K, 6 young (6144K), 6 survivors (6144K)
 Metaspace       used 150481K, capacity 155902K, committed 155980K, reserved 1185792K
  class space    used 18634K, capacity 20533K, committed 20556K, reserved 1048576K
}
Event: 4712.770 GC heap before
{Heap before GC invocations=143 (full 0):
 garbage-first heap   total 397312K, used 164761K [0x0000000080000000, 0x0000000100000000)
  region size 1024K, 19 young (19456K), 6 survivors (6144K)
 Metaspace       used 150483K, capacity 155902K, committed 155980K, reserved 1185792K
  class space    used 18634K, capacity 20533K, committed 20556K, reserved 1048576K
}
Event: 4712.778 GC heap after
{Heap after GC invocations=144 (full 0):
 garbage-first heap   total 397312K, used 128515K [0x0000000080000000, 0x0000000100000000)
  region size 1024K, 1 young (1024K), 1 survivors (1024K)
 Metaspace       used 150483K, capacity 155902K, committed 155980K, reserved 1185792K
  class space    used 18634K, capacity 20533K, committed 20556K, reserved 1048576K
}
Event: 4882.663 GC heap before
{Heap before GC invocations=144 (full 0):
 garbage-first heap   total 397312K, used 163331K [0x0000000080000000, 0x0000000100000000)
  region size 1024K, 36 young (36864K), 1 survivors (1024K)
 Metaspace       used 150532K, capacity 156033K, committed 156236K, reserved 1185792K
  class space    used 18634K, capacity 20533K, committed 20556K, reserved 1048576K
}
Event: 4882.673 GC heap after
{Heap after GC invocations=145 (full 0):
 garbage-first heap   total 397312K, used 131944K [0x0000000080000000, 0x0000000100000000)
  region size 1024K, 4 young (4096K), 4 survivors (4096K)
 Metaspace       used 150532K, capacity 156033K, committed 156236K, reserved 1185792K
  class space    used 18634K, capacity 20533K, committed 20556K, reserved 1048576K
}
Event: 5646.324 GC heap before
{Heap before GC invocations=146 (full 0):
 garbage-first heap   total 397312K, used 334696K [0x0000000080000000, 0x0000000100000000)
  region size 1024K, 189 young (193536K), 4 survivors (4096K)
 Metaspace       used 147756K, capacity 152656K, committed 156236K, reserved 1185792K
  class space    used 18216K, capacity 19961K, committed 20556K, reserved 1048576K
}
Event: 5646.344 GC heap after
{Heap after GC invocations=147 (full 0):
 garbage-first heap   total 397312K, used 134670K [0x0000000080000000, 0x0000000100000000)
  region size 1024K, 16 young (16384K), 16 survivors (16384K)
 Metaspace       used 147756K, capacity 152656K, committed 156236K, reserved 1185792K
  class space    used 18216K, capacity 19961K, committed 20556K, reserved 1048576K
}
Event: 5646.360 GC heap before
{Heap before GC invocations=147 (full 0):
 garbage-first heap   total 397312K, used 137742K [0x0000000080000000, 0x0000000100000000)
  region size 1024K, 19 young (19456K), 16 survivors (16384K)
 Metaspace       used 147756K, capacity 152656K, committed 156236K, reserved 1185792K
  class space    used 18216K, capacity 19961K, committed 20556K, reserved 1048576K
}
Event: 5646.384 GC heap after
{Heap after GC invocations=148 (full 0):
 garbage-first heap   total 397312K, used 122733K [0x0000000080000000, 0x0000000100000000)
  region size 1024K, 2 young (2048K), 2 survivors (2048K)
 Metaspace       used 147756K, capacity 152656K, committed 156236K, reserved 1185792K
  class space    used 18216K, capacity 19961K, committed 20556K, reserved 1048576K
}
Event: 5647.617 GC heap before
{Heap before GC invocations=148 (full 0):
 garbage-first heap   total 397312K, used 320365K [0x0000000080000000, 0x0000000100000000)
  region size 1024K, 195 young (199680K), 2 survivors (2048K)
 Metaspace       used 147756K, capacity 152656K, committed 156236K, reserved 1185792K
  class space    used 18216K, capacity 19961K, committed 20556K, reserved 1048576K
}
Event: 5647.629 GC heap after
{Heap after GC invocations=149 (full 0):
 garbage-first heap   total 397312K, used 125405K [0x0000000080000000, 0x0000000100000000)
  region size 1024K, 5 young (5120K), 5 survivors (5120K)
 Metaspace       used 147756K, capacity 152656K, committed 156236K, reserved 1185792K
  class space    used 18216K, capacity 19961K, committed 20556K, reserved 1048576K
}

