# JRE version: OpenJDK Runtime Environment (11.0.10) (build 11.0.10+0-b96-7249189)
# Java VM: OpenJDK 64-Bit Server VM (11.0.10+0-b96-7249189, mixed mode, tiered, compressed oops, g1 gc, windows-amd64)
Heap:
 garbage-first heap   total 229376K, used 71307K [0x0000000080000000, 0x0000000100000000)
  region size 1024K, 56 young (57344K), 12 survivors (12288K)
 Metaspace       used 46810K, capacity 48020K, committed 48204K, reserved 1091584K
  class space    used 6000K, capacity 6441K, committed 6476K, reserved 1048576K
GC Heap History (10 events):
Event: 2.149 GC heap before
{Heap before GC invocations=0 (full 0):
 garbage-first heap   total 229376K, used 29696K [0x0000000080000000, 0x0000000100000000)
  region size 1024K, 24 young (24576K), 0 survivors (0K)
 Metaspace       used 10213K, capacity 10429K, committed 10624K, reserved 1058816K
  class space    used 1064K, capacity 1139K, committed 1152K, reserved 1048576K
}
Event: 2.156 GC heap after
{Heap after GC invocations=1 (full 0):
 garbage-first heap   total 229376K, used 9328K [0x0000000080000000, 0x0000000100000000)
  region size 1024K, 3 young (3072K), 3 survivors (3072K)
 Metaspace       used 10213K, capacity 10429K, committed 10624K, reserved 1058816K
  class space    used 1064K, capacity 1139K, committed 1152K, reserved 1048576K
}
Event: 6.922 GC heap before
{Heap before GC invocations=1 (full 0):
 garbage-first heap   total 229376K, used 104560K [0x0000000080000000, 0x0000000100000000)
  region size 1024K, 97 young (99328K), 3 survivors (3072K)
 Metaspace       used 20561K, capacity 21096K, committed 21248K, reserved 1067008K
  class space    used 2507K, capacity 2690K, committed 2816K, reserved 1048576K
}
Event: 6.941 GC heap after
{Heap after GC invocations=2 (full 0):
 garbage-first heap   total 229376K, used 16307K [0x0000000080000000, 0x0000000100000000)
  region size 1024K, 10 young (10240K), 10 survivors (10240K)
 Metaspace       used 20561K, capacity 21096K, committed 21248K, reserved 1067008K
  class space    used 2507K, capacity 2690K, committed 2816K, reserved 1048576K
}
Event: 8.954 GC heap before
{Heap before GC invocations=3 (full 0):
 garbage-first heap   total 229376K, used 77747K [0x0000000080000000, 0x0000000100000000)
  region size 1024K, 71 young (72704K), 10 survivors (10240K)
 Metaspace       used 26486K, capacity 27204K, committed 27392K, reserved 1073152K
  class space    used 3492K, capacity 3755K, committed 3840K, reserved 1048576K
}
Event: 8.967 GC heap after
{Heap after GC invocations=4 (full 0):
 garbage-first heap   total 229376K, used 18921K [0x0000000080000000, 0x0000000100000000)
  region size 1024K, 3 young (3072K), 3 survivors (3072K)
 Metaspace       used 26486K, capacity 27204K, committed 27392K, reserved 1073152K
  class space    used 3492K, capacity 3755K, committed 3840K, reserved 1048576K
}
Event: 11.102 GC heap before
{Heap before GC invocations=4 (full 0):
 garbage-first heap   total 229376K, used 67049K [0x0000000080000000, 0x0000000100000000)
  region size 1024K, 52 young (53248K), 3 survivors (3072K)
 Metaspace       used 35051K, capacity 35830K, committed 35840K, reserved 1081344K
  class space    used 4542K, capacity 4864K, committed 4864K, reserved 1048576K
}
Event: 11.119 GC heap after
{Heap after GC invocations=5 (full 0):
 garbage-first heap   total 229376K, used 21993K [0x0000000080000000, 0x0000000100000000)
  region size 1024K, 6 young (6144K), 6 survivors (6144K)
 Metaspace       used 35051K, capacity 35830K, committed 35840K, reserved 1081344K
  class space    used 4542K, capacity 4864K, committed 4864K, reserved 1048576K
}
Event: 16.755 GC heap before
{Heap before GC invocations=6 (full 0):
 garbage-first heap   total 229376K, used 133609K [0x0000000080000000, 0x0000000100000000)
  region size 1024K, 112 young (114688K), 6 survivors (6144K)
 Metaspace       used 43909K, capacity 44976K, committed 45260K, reserved 1089536K
  class space    used 5620K, capacity 6004K, committed 6092K, reserved 1048576K
}
Event: 16.775 GC heap after
{Heap after GC invocations=7 (full 0):
 garbage-first heap   total 229376K, used 28299K [0x0000000080000000, 0x0000000100000000)
  region size 1024K, 12 young (12288K), 12 survivors (12288K)
 Metaspace       used 43909K, capacity 44976K, committed 45260K, reserved 1089536K
  class space    used 5620K, capacity 6004K, committed 6092K, reserved 1048576K
}

