# JRE version: OpenJDK Runtime Environment (11.0.10) (build 11.0.10+0-b96-7249189)
# Java VM: OpenJDK 64-Bit Server VM (11.0.10+0-b96-7249189, mixed mode, tiered, compressed oops, g1 gc, windows-amd64)
Heap:
 garbage-first heap   total 229376K, used 171744K [0x0000000080000000, 0x0000000100000000)
  region size 1024K, 91 young (93184K), 7 survivors (7168K)
 Metaspace       used 101005K, capacity 104049K, committed 104192K, reserved 1138688K
  class space    used 13208K, capacity 14381K, committed 14412K, reserved 1048576K
GC Heap History (20 events):
Event: 12.890 GC heap before
{Heap before GC invocations=8 (full 0):
 garbage-first heap   total 229376K, used 72396K [0x0000000080000000, 0x0000000100000000)
  region size 1024K, 47 young (48128K), 16 survivors (16384K)
 Metaspace       used 58534K, capacity 60062K, committed 60288K, reserved 1101824K
  class space    used 7435K, capacity 8025K, committed 8140K, reserved 1048576K
}
Event: 12.924 GC heap after
{Heap after GC invocations=9 (full 0):
 garbage-first heap   total 229376K, used 44514K [0x0000000080000000, 0x0000000100000000)
  region size 1024K, 4 young (4096K), 4 survivors (4096K)
 Metaspace       used 58534K, capacity 60062K, committed 60288K, reserved 1101824K
  class space    used 7435K, capacity 8025K, committed 8140K, reserved 1048576K
}
Event: 15.874 GC heap before
{Heap before GC invocations=10 (full 0):
 garbage-first heap   total 229376K, used 162274K [0x0000000080000000, 0x0000000100000000)
  region size 1024K, 119 young (121856K), 4 survivors (4096K)
 Metaspace       used 68703K, capacity 70260K, committed 70400K, reserved 1110016K
  class space    used 8905K, capacity 9502K, committed 9548K, reserved 1048576K
}
Event: 15.894 GC heap after
{Heap after GC invocations=11 (full 0):
 garbage-first heap   total 229376K, used 52001K [0x0000000080000000, 0x0000000100000000)
  region size 1024K, 11 young (11264K), 11 survivors (11264K)
 Metaspace       used 68703K, capacity 70260K, committed 70400K, reserved 1110016K
  class space    used 8905K, capacity 9502K, committed 9548K, reserved 1048576K
}
Event: 20.321 GC heap before
{Heap before GC invocations=12 (full 0):
 garbage-first heap   total 229376K, used 166689K [0x0000000080000000, 0x0000000100000000)
  region size 1024K, 124 young (126976K), 11 survivors (11264K)
 Metaspace       used 78322K, capacity 80393K, committed 80640K, reserved 1118208K
  class space    used 10263K, capacity 11002K, committed 11084K, reserved 1048576K
}
Event: 20.344 GC heap after
{Heap after GC invocations=13 (full 0):
 garbage-first heap   total 229376K, used 59680K [0x0000000080000000, 0x0000000100000000)
  region size 1024K, 8 young (8192K), 8 survivors (8192K)
 Metaspace       used 78322K, capacity 80393K, committed 80640K, reserved 1118208K
  class space    used 10263K, capacity 11002K, committed 11084K, reserved 1048576K
}
Event: 25.100 GC heap before
{Heap before GC invocations=13 (full 0):
 garbage-first heap   total 229376K, used 180512K [0x0000000080000000, 0x0000000100000000)
  region size 1024K, 118 young (120832K), 8 survivors (8192K)
 Metaspace       used 87083K, capacity 89145K, committed 89344K, reserved 1126400K
  class space    used 11249K, capacity 12018K, committed 12108K, reserved 1048576K
}
Event: 25.118 GC heap after
{Heap after GC invocations=14 (full 0):
 garbage-first heap   total 229376K, used 63272K [0x0000000080000000, 0x0000000100000000)
  region size 1024K, 12 young (12288K), 12 survivors (12288K)
 Metaspace       used 87083K, capacity 89145K, committed 89344K, reserved 1126400K
  class space    used 11249K, capacity 12018K, committed 12108K, reserved 1048576K
}
Event: 27.166 GC heap before
{Heap before GC invocations=14 (full 0):
 garbage-first heap   total 229376K, used 174888K [0x0000000080000000, 0x0000000100000000)
  region size 1024K, 122 young (124928K), 12 survivors (12288K)
 Metaspace       used 93101K, capacity 95331K, committed 95616K, reserved 1132544K
  class space    used 12076K, capacity 12948K, committed 13004K, reserved 1048576K
}
Event: 27.198 GC heap after
{Heap after GC invocations=15 (full 0):
 garbage-first heap   total 229376K, used 80798K [0x0000000080000000, 0x0000000100000000)
  region size 1024K, 16 young (16384K), 16 survivors (16384K)
 Metaspace       used 93101K, capacity 95331K, committed 95616K, reserved 1132544K
  class space    used 12076K, capacity 12948K, committed 13004K, reserved 1048576K
}
Event: 28.873 GC heap before
{Heap before GC invocations=15 (full 0):
 garbage-first heap   total 229376K, used 173981K [0x0000000080000000, 0x0000000100000000)
  region size 1024K, 108 young (110592K), 16 survivors (16384K)
 Metaspace       used 99883K, capacity 102841K, committed 103168K, reserved 1138688K
  class space    used 13153K, capacity 14298K, committed 14412K, reserved 1048576K
}
Event: 28.896 GC heap after
{Heap after GC invocations=16 (full 0):
 garbage-first heap   total 229376K, used 82901K [0x0000000080000000, 0x0000000100000000)
  region size 1024K, 4 young (4096K), 4 survivors (4096K)
 Metaspace       used 99883K, capacity 102841K, committed 103168K, reserved 1138688K
  class space    used 13153K, capacity 14298K, committed 14412K, reserved 1048576K
}
Event: 29.958 GC heap before
{Heap before GC invocations=16 (full 0):
 garbage-first heap   total 229376K, used 178133K [0x0000000080000000, 0x0000000100000000)
  region size 1024K, 97 young (99328K), 4 survivors (4096K)
 Metaspace       used 100160K, capacity 103173K, committed 103424K, reserved 1138688K
  class space    used 13195K, capacity 14364K, committed 14412K, reserved 1048576K
}
Event: 29.969 GC heap after
{Heap after GC invocations=17 (full 0):
 garbage-first heap   total 229376K, used 83618K [0x0000000080000000, 0x0000000100000000)
  region size 1024K, 5 young (5120K), 5 survivors (5120K)
 Metaspace       used 100160K, capacity 103173K, committed 103424K, reserved 1138688K
  class space    used 13195K, capacity 14364K, committed 14412K, reserved 1048576K
}
Event: 30.833 GC heap before
{Heap before GC invocations=17 (full 0):
 garbage-first heap   total 229376K, used 178850K [0x0000000080000000, 0x0000000100000000)
  region size 1024K, 99 young (101376K), 5 survivors (5120K)
 Metaspace       used 100469K, capacity 103487K, committed 103680K, reserved 1138688K
  class space    used 13204K, capacity 14375K, committed 14412K, reserved 1048576K
}
Event: 30.842 GC heap after
{Heap after GC invocations=18 (full 0):
 garbage-first heap   total 229376K, used 83496K [0x0000000080000000, 0x0000000100000000)
  region size 1024K, 5 young (5120K), 5 survivors (5120K)
 Metaspace       used 100469K, capacity 103487K, committed 103680K, reserved 1138688K
  class space    used 13204K, capacity 14375K, committed 14412K, reserved 1048576K
}
Event: 31.382 GC heap before
{Heap before GC invocations=18 (full 0):
 garbage-first heap   total 229376K, used 182824K [0x0000000080000000, 0x0000000100000000)
  region size 1024K, 102 young (104448K), 5 survivors (5120K)
 Metaspace       used 100789K, capacity 103817K, committed 103936K, reserved 1138688K
  class space    used 13204K, capacity 14375K, committed 14412K, reserved 1048576K
}
Event: 31.394 GC heap after
{Heap after GC invocations=19 (full 0):
 garbage-first heap   total 229376K, used 86925K [0x0000000080000000, 0x0000000100000000)
  region size 1024K, 8 young (8192K), 8 survivors (8192K)
 Metaspace       used 100789K, capacity 103817K, committed 103936K, reserved 1138688K
  class space    used 13204K, capacity 14375K, committed 14412K, reserved 1048576K
}
Event: 31.711 GC heap before
{Heap before GC invocations=19 (full 0):
 garbage-first heap   total 229376K, used 185229K [0x0000000080000000, 0x0000000100000000)
  region size 1024K, 104 young (106496K), 8 survivors (8192K)
 Metaspace       used 100888K, capacity 103957K, committed 104192K, reserved 1138688K
  class space    used 13205K, capacity 14376K, committed 14412K, reserved 1048576K
}
Event: 31.723 GC heap after
{Heap after GC invocations=20 (full 0):
 garbage-first heap   total 229376K, used 87776K [0x0000000080000000, 0x0000000100000000)
  region size 1024K, 7 young (7168K), 7 survivors (7168K)
 Metaspace       used 100888K, capacity 103957K, committed 104192K, reserved 1138688K
  class space    used 13205K, capacity 14376K, committed 14412K, reserved 1048576K
}

